[debug] [2024-01-13T08:13:05.888Z] ----------------------------------------------------------------------
[debug] [2024-01-13T08:13:05.892Z] Command:       C:\Program Files\nodejs\node.exe C:\Users\ghazw\AppData\Roaming\npm\node_modules\firebase-tools\lib\bin\firebase.js init
[debug] [2024-01-13T08:13:05.893Z] CLI Version:   13.0.3
[debug] [2024-01-13T08:13:05.893Z] Platform:      win32
[debug] [2024-01-13T08:13:05.894Z] Node Version:  v18.16.0
[debug] [2024-01-13T08:13:05.896Z] Time:          Sat Jan 13 2024 15:13:05 GMT+0700 (Western Indonesia Time)
[debug] [2024-01-13T08:13:05.896Z] ----------------------------------------------------------------------
[debug] 
[debug] [2024-01-13T08:13:05.909Z] > command requires scopes: ["email","openid","https://www.googleapis.com/auth/cloudplatformprojects.readonly","https://www.googleapis.com/auth/firebase","https://www.googleapis.com/auth/cloud-platform"]
[debug] [2024-01-13T08:13:05.910Z] > authorizing via signed-in user (ghazwanfikri524@gmail.com)
[info] 
     ######## #### ########  ######## ########     ###     ######  ########
     ##        ##  ##     ## ##       ##     ##  ##   ##  ##       ##
     ######    ##  ########  ######   ########  #########  ######  ######
     ##        ##  ##    ##  ##       ##     ## ##     ##       ## ##
     ##       #### ##     ## ######## ########  ##     ##  ######  ########

You're about to initialize a Firebase project in this directory:

  D:\Projek\e-raport

[info] 
=== Project Setup
[info] 
[info] First, let's associate this project directory with a Firebase project.
[info] You can create multiple project aliases by running firebase use --add, 
[info] but for now we'll just set up a default project.
[info] 
[debug] [2024-01-13T08:14:03.150Z] > refreshing access token with scopes: []
[debug] [2024-01-13T08:14:03.154Z] >>> [apiv2][query] POST https://www.googleapis.com/oauth2/v3/token [none]
[debug] [2024-01-13T08:14:03.154Z] >>> [apiv2][body] POST https://www.googleapis.com/oauth2/v3/token [omitted]
[debug] [2024-01-13T08:14:03.384Z] <<< [apiv2][status] POST https://www.googleapis.com/oauth2/v3/token 200
[debug] [2024-01-13T08:14:03.384Z] <<< [apiv2][body] POST https://www.googleapis.com/oauth2/v3/token [omitted]
[debug] [2024-01-13T08:14:03.437Z] >>> [apiv2][query] GET https://firebase.googleapis.com/v1beta1/projects pageSize=100
[debug] [2024-01-13T08:14:04.306Z] <<< [apiv2][status] GET https://firebase.googleapis.com/v1beta1/projects 200
[debug] [2024-01-13T08:14:04.306Z] <<< [apiv2][body] GET https://firebase.googleapis.com/v1beta1/projects [omitted]
[info] i  Using project e-rapport-3793a (e-rapport) 
[info] 
=== Hosting Setup
[debug] [2024-01-13T08:14:08.061Z] >>> [apiv2][query] GET https://firebase.googleapis.com/v1beta1/projects/e-rapport-3793a [none]
[debug] [2024-01-13T08:14:08.725Z] <<< [apiv2][status] GET https://firebase.googleapis.com/v1beta1/projects/e-rapport-3793a 200
[debug] [2024-01-13T08:14:08.725Z] <<< [apiv2][body] GET https://firebase.googleapis.com/v1beta1/projects/e-rapport-3793a {"projectId":"e-rapport-3793a","projectNumber":"222774011539","displayName":"e-rapport","name":"projects/e-rapport-3793a","resources":{"hostingSite":"e-rapport-3793a"},"state":"ACTIVE","etag":"1_7b2aa773-bcf2-455d-93a4-7386fd4ddc17"}
[info] 
[info] Your public directory is the folder (relative to your project directory) that
[info] will contain Hosting assets to be uploaded with firebase deploy. If you
[info] have a build process for your assets, use your build's output directory.
[info] 
[debug] [2024-01-13T08:15:17.331Z] >>> [apiv2][query] GET https://www.gstatic.com/firebasejs/releases.json [none]
[debug] [2024-01-13T08:15:17.432Z] <<< [apiv2][status] GET https://www.gstatic.com/firebasejs/releases.json 200
[debug] [2024-01-13T08:15:17.432Z] <<< [apiv2][body] GET https://www.gstatic.com/firebasejs/releases.json {"current":{"version":"10.7.1","browserURL":"https://www.gstatic.com/firebasejs/10.7.1/firebase.js","packageURL":"https://www.gstatic.com/firebasejs/10.7.1/firebase.tgz"},"live":{"version":"10.7","browserURL":"https://www.gstatic.com/firebasejs/live/10.7/firebase.js","packageURL":"https://www.gstatic.com/firebasejs/live/10.7/firebase.tgz"},"components":{"analytics":"https://www.gstatic.com/firebasejs/10.7.1/firebase-analytics.js","app":"https://www.gstatic.com/firebasejs/10.7.1/firebase-app.js","app-check":"https://www.gstatic.com/firebasejs/10.7.1/firebase-app-check.js","auth":"https://www.gstatic.com/firebasejs/10.7.1/firebase-auth.js","auth/cordova":"https://www.gstatic.com/firebasejs/10.7.1/firebase-auth/cordova.js","functions":"https://www.gstatic.com/firebasejs/10.7.1/firebase-functions.js","firestore":"https://www.gstatic.com/firebasejs/10.7.1/firebase-firestore.js","firestore/lite":"https://www.gstatic.com/firebasejs/10.7.1/firebase-firestore/lite.js","installations":"https://www.gstatic.com/firebasejs/10.7.1/firebase-installations.js","storage":"https://www.gstatic.com/firebasejs/10.7.1/firebase-storage.js","performance":"https://www.gstatic.com/firebasejs/10.7.1/firebase-performance.js","remote-config":"https://www.gstatic.com/firebasejs/10.7.1/firebase-remote-config.js","messaging":"https://www.gstatic.com/firebasejs/10.7.1/firebase-messaging.js","messaging/sw":"https://www.gstatic.com/firebasejs/10.7.1/firebase-messaging/sw.js","database":"https://www.gstatic.com/firebasejs/10.7.1/firebase-database.js","firestore.memory":"https://www.gstatic.com/firebasejs/10.7.1/firebase-firestore.memory.js"}}
[info] +  Wrote public/index.html 
[info] 
[info] i  Detected a .git folder at D:\Projek\e-raport 
[info] i  Authorizing with GitHub to upload your service account to a GitHub repository's secrets store. 
[info] 
[info] Visit this URL on this device to log in:
[info] https://github.com/login/oauth/authorize?client_id=89cf50f02ac6aaed3484&state=411072808&redirect_uri=http%3A%2F%2Flocalhost%3A9005&scope=read%3Auser%20repo%20public_repo
[info] 
[info] Waiting for authentication...
[debug] [2024-01-13T08:15:49.985Z] >>> [apiv2][query] POST https://github.com/login/oauth/access_token [none]
[debug] [2024-01-13T08:15:49.985Z] >>> [apiv2][body] POST https://github.com/login/oauth/access_token [stream]
[debug] [2024-01-13T08:15:50.497Z] <<< [apiv2][status] POST https://github.com/login/oauth/access_token 200
[debug] [2024-01-13T08:15:50.497Z] <<< [apiv2][body] POST https://github.com/login/oauth/access_token {"access_token":"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","token_type":"bearer","scope":"read:user,repo"}
[debug] [2024-01-13T08:15:50.508Z] >>> [apiv2][query] GET https://api.github.com/user [none]
[debug] [2024-01-13T08:15:50.958Z] <<< [apiv2][status] GET https://api.github.com/user 200
[debug] [2024-01-13T08:15:50.958Z] <<< [apiv2][body] GET https://api.github.com/user {"login":"RexGraphics","id":124848379,"node_id":"U_kgDOB3EI-w","avatar_url":"https://avatars.githubusercontent.com/u/124848379?v=4","gravatar_id":"","url":"https://api.github.com/users/RexGraphics","html_url":"https://github.com/RexGraphics","followers_url":"https://api.github.com/users/RexGraphics/followers","following_url":"https://api.github.com/users/RexGraphics/following{/other_user}","gists_url":"https://api.github.com/users/RexGraphics/gists{/gist_id}","starred_url":"https://api.github.com/users/RexGraphics/starred{/owner}{/repo}","subscriptions_url":"https://api.github.com/users/RexGraphics/subscriptions","organizations_url":"https://api.github.com/users/RexGraphics/orgs","repos_url":"https://api.github.com/users/RexGraphics/repos","events_url":"https://api.github.com/users/RexGraphics/events{/privacy}","received_events_url":"https://api.github.com/users/RexGraphics/received_events","type":"User","site_admin":false,"name":"Ghazwan Fikri Maulana","company":null,"blog":"","location":null,"email":null,"hireable":null,"bio":null,"twitter_username":null,"public_repos":1,"public_gists":0,"followers":1,"following":1,"created_at":"2023-02-09T01:27:40Z","updated_at":"2024-01-13T08:15:40Z","private_gists":0,"total_private_repos":1,"owned_private_repos":1,"disk_usage":6,"collaborators":0,"two_factor_authentication":false,"plan":{"name":"free","space":976562499,"collaborators":0,"private_repos":10000}}
[info] 
[info] +  Success! Logged into GitHub as RexGraphics 
[info] 
